<?xml version="1.0" encoding="UTF-8"?>
<!-- Generated by org.testng.reporters.JUnitReportReporter -->
<testsuite skipped="0" hostname="DESKTOP-FID49DI" name="com.tests.SauceDemoTest" tests="6" failures="0" timestamp="31 Mar 2021 10:14:53 GMT" time="6.603" errors="0">
  <testcase name="negativeTest_NoInput" time="3.774" classname="com.tests.SauceDemoTest"/>
  <testcase name="negativeTest_onlyUsername_input" time="1.539" classname="com.tests.SauceDemoTest"/>
  <testcase name="negativeTest_Username_input_OnlyCharacters" time="0.394" classname="com.tests.SauceDemoTest"/>
  <testcase name="negativeTest_Username_input_OnlySpecial_Characters" time="0.370" classname="com.tests.SauceDemoTest"/>
  <testcase name="negativeTest_Username_input_Only_Numericals" time="0.238" classname="com.tests.SauceDemoTest"/>
  <testcase name="negativeTest_Username_input_Numericals_and_SpecialChars" time="0.288" classname="com.tests.SauceDemoTest"/>
</testsuite> <!-- com.tests.SauceDemoTest -->
